<?xml version="1.0" encoding="UTF-8"?>
<!-- Generated by org.testng.reporters.JUnitXMLReporter -->
<testsuite hostname="IRONMAN" ignored="0" name="LambdaTest" tests="3" failures="0" timestamp="2022-01-30T22:42:58 IST" time="97.823" errors="0">
  <testcase name="test1" time="18.364" classname="com.mindtree.runners.LambdaTest"/>
  <testcase name="test2" time="49.469" classname="com.mindtree.runners.LambdaTest"/>
  <testcase name="test3" time="29.918" classname="com.mindtree.runners.LambdaTest"/>
</testsuite> <!-- LambdaTest -->
