<?xml version="1.0" encoding="UTF-8"?>
<!-- Generated by org.testng.reporters.JUnitXMLReporter -->
<testsuite ignored="0" hostname="bantirathod-lambdatestse-rnkz3pab3gz" failures="0" tests="3" name="LambdaTest" time="48.472" errors="0" timestamp="2022-01-30T17:29:56 UTC">
  <testcase classname="com.mindtree.runners.LambdaTest" name="test1" time="10.351"/>
  <testcase classname="com.mindtree.runners.LambdaTest" name="test2" time="21.588"/>
  <testcase classname="com.mindtree.runners.LambdaTest" name="test3" time="16.468"/>
</testsuite> <!-- LambdaTest -->
