<?xml version="1.0" encoding="UTF-8"?>
<testng-results ignored="0" total="3" passed="3" failed="0" skipped="0">
  <reporter-output>
  </reporter-output>
  <suite started-at="2022-01-30T17:29:07 UTC" name="Suite" finished-at="2022-01-30T17:29:56 UTC" duration-ms="48472">
    <groups>
    </groups>
    <test started-at="2022-01-30T17:29:07 UTC" name="LambdaTest" finished-at="2022-01-30T17:29:56 UTC" duration-ms="48472">
      <class name="com.mindtree.runners.LambdaTest">
        <test-method signature="test1()[pri:0, instance:com.mindtree.runners.LambdaTest@5bf0d49]" started-at="2022-01-30T17:29:07 UTC" name="test1" finished-at="2022-01-30T17:29:18 UTC" duration-ms="10351" status="PASS">
          <reporter-output>
          </reporter-output>
        </test-method> <!-- test1 -->
        <test-method signature="test2()[pri:0, instance:com.mindtree.runners.LambdaTest@5bf0d49]" started-at="2022-01-30T17:29:18 UTC" name="test2" finished-at="2022-01-30T17:29:39 UTC" duration-ms="21588" status="PASS">
          <reporter-output>
          </reporter-output>
        </test-method> <!-- test2 -->
        <test-method signature="test3()[pri:0, instance:com.mindtree.runners.LambdaTest@5bf0d49]" started-at="2022-01-30T17:29:39 UTC" name="test3" finished-at="2022-01-30T17:29:56 UTC" duration-ms="16468" status="PASS">
          <reporter-output>
          </reporter-output>
        </test-method> <!-- test3 -->
      </class> <!-- com.mindtree.runners.LambdaTest -->
    </test> <!-- LambdaTest -->
  </suite> <!-- Suite -->
</testng-results>
