<?xml version="1.0" encoding="UTF-8"?>
<testsuite xmlns:xsi="http://www.w3.org/2001/XMLSchema-instance" xsi:noNamespaceSchemaLocation="https://maven.apache.org/surefire/maven-surefire-plugin/xsd/surefire-test-report.xsd" name="TestSuite" time="48.954" tests="3" errors="0" skipped="0" failures="0">
  <properties>
[...]
</properties>
  <testcase name="test1" classname="com.mindtree.runners.LambdaTest" time="10.348"/>
  <testcase name="test2" classname="com.mindtree.runners.LambdaTest" time="21.58"/>
  <testcase name="test3" classname="com.mindtree.runners.LambdaTest" time="16.468"/>
</testsuite>