<?xml version="1.0" encoding="UTF-8"?>
<testng-results skipped="0" failed="0" ignored="0" total="3" passed="3">
  <reporter-output>
  </reporter-output>
  <suite name="Suite" duration-ms="97823" started-at="2022-01-30T22:41:20 IST" finished-at="2022-01-30T22:42:58 IST">
    <groups>
    </groups>
    <test name="LambdaTest" duration-ms="97823" started-at="2022-01-30T22:41:20 IST" finished-at="2022-01-30T22:42:58 IST">
      <class name="com.mindtree.runners.LambdaTest">
        <test-method status="PASS" signature="test1()[pri:0, instance:com.mindtree.runners.LambdaTest@646d64ab]" name="test1" duration-ms="18364" started-at="2022-01-30T22:41:20 IST" finished-at="2022-01-30T22:41:39 IST">
          <reporter-output>
          </reporter-output>
        </test-method> <!-- test1 -->
        <test-method status="PASS" signature="test2()[pri:0, instance:com.mindtree.runners.LambdaTest@646d64ab]" name="test2" duration-ms="49469" started-at="2022-01-30T22:41:39 IST" finished-at="2022-01-30T22:42:28 IST">
          <reporter-output>
          </reporter-output>
        </test-method> <!-- test2 -->
        <test-method status="PASS" signature="test3()[pri:0, instance:com.mindtree.runners.LambdaTest@646d64ab]" name="test3" duration-ms="29918" started-at="2022-01-30T22:42:28 IST" finished-at="2022-01-30T22:42:58 IST">
          <reporter-output>
          </reporter-output>
        </test-method> <!-- test3 -->
      </class> <!-- com.mindtree.runners.LambdaTest -->
    </test> <!-- LambdaTest -->
  </suite> <!-- Suite -->
</testng-results>
